# JRE version: OpenJDK Runtime Environment Temurin-21.0.11+10 (21.0.11+10) (build 21.0.11+10-LTS)
# Java VM: OpenJDK 64-Bit Server VM Temurin-21.0.11+10 (21.0.11+10-LTS, mixed mode, sharing, tiered, compressed oops, compressed class ptrs, g1 gc, windows-amd64)
GC Precious Log:
 CardTable entry size: 512
 Card Set container configuration: InlinePtr #cards 4 size 8 Array Of Cards #cards 32 size 80 Howl #buckets 8 coarsen threshold 7372 Howl Bitmap #cards 1024 size 144 coarsen threshold 921 Card regions per heap region 1 cards per card region 8192
 CPUs: 4 total, 4 available
 Memory: 8072M
 Large Page Support: Disabled
 NUMA Support: Disabled
 Compressed Oops: Enabled (Zero based)
 Heap Region Size: 4M
 Heap Min Capacity: 8M
 Heap Initial Capacity: 128M
 Heap Max Capacity: 6G
 Pre-touch: Disabled
 Parallel Workers: 4
 Concurrent Workers: 1
 Concurrent Refinement Workers: 4
 Periodic GC: Disabled
Heap:
 garbage-first heap   total 684032K, used 362720K [0x0000000680000000, 0x0000000800000000)
  region size 4096K, 1 young (4096K), 1 survivors (4096K)
 Metaspace       used 128355K, committed 131456K, reserved 1179648K
  class space    used 18011K, committed 19456K, reserved 1048576K
GC Heap History (20 events):
Event: 621.230 GC heap after
{Heap after GC invocations=92 (full 0):
 garbage-first heap   total 569344K, used 340939K [0x0000000680000000, 0x0000000800000000)
  region size 4096K, 2 young (8192K), 2 survivors (8192K)
 Metaspace       used 119685K, committed 122816K, reserved 1179648K
  class space    used 16888K, committed 18304K, reserved 1048576K
}
Event: 624.295 GC heap before
{Heap before GC invocations=92 (full 0):
 garbage-first heap   total 569344K, used 357323K [0x0000000680000000, 0x0000000800000000)
  region size 4096K, 6 young (24576K), 2 survivors (8192K)
 Metaspace       used 119696K, committed 122816K, reserved 1179648K
  class space    used 16888K, committed 18304K, reserved 1048576K
}
Event: 624.334 GC heap after
{Heap after GC invocations=93 (full 0):
 garbage-first heap   total 569344K, used 331553K [0x0000000680000000, 0x0000000800000000)
  region size 4096K, 1 young (4096K), 1 survivors (4096K)
 Metaspace       used 119696K, committed 122816K, reserved 1179648K
  class space    used 16888K, committed 18304K, reserved 1048576K
}
Event: 626.995 GC heap before
{Heap before GC invocations=93 (full 0):
 garbage-first heap   total 569344K, used 352033K [0x0000000680000000, 0x0000000800000000)
  region size 4096K, 6 young (24576K), 1 survivors (4096K)
 Metaspace       used 119736K, committed 122816K, reserved 1179648K
  class space    used 16888K, committed 18304K, reserved 1048576K
}
Event: 627.046 GC heap after
{Heap after GC invocations=94 (full 0):
 garbage-first heap   total 569344K, used 322792K [0x0000000680000000, 0x0000000800000000)
  region size 4096K, 1 young (4096K), 1 survivors (4096K)
 Metaspace       used 119736K, committed 122816K, reserved 1179648K
  class space    used 16888K, committed 18304K, reserved 1048576K
}
Event: 632.951 GC heap before
{Heap before GC invocations=94 (full 0):
 garbage-first heap   total 569344K, used 343272K [0x0000000680000000, 0x0000000800000000)
  region size 4096K, 6 young (24576K), 1 survivors (4096K)
 Metaspace       used 119768K, committed 122880K, reserved 1179648K
  class space    used 16888K, committed 18304K, reserved 1048576K
}
Event: 633.012 GC heap after
{Heap after GC invocations=95 (full 0):
 garbage-first heap   total 684032K, used 317334K [0x0000000680000000, 0x0000000800000000)
  region size 4096K, 1 young (4096K), 1 survivors (4096K)
 Metaspace       used 119768K, committed 122880K, reserved 1179648K
  class space    used 16888K, committed 18304K, reserved 1048576K
}
Event: 644.138 GC heap before
{Heap before GC invocations=95 (full 0):
 garbage-first heap   total 684032K, used 346006K [0x0000000680000000, 0x0000000800000000)
  region size 4096K, 8 young (32768K), 1 survivors (4096K)
 Metaspace       used 119780K, committed 122880K, reserved 1179648K
  class space    used 16888K, committed 18304K, reserved 1048576K
}
Event: 644.202 GC heap after
{Heap after GC invocations=96 (full 0):
 garbage-first heap   total 684032K, used 313034K [0x0000000680000000, 0x0000000800000000)
  region size 4096K, 1 young (4096K), 1 survivors (4096K)
 Metaspace       used 119780K, committed 122880K, reserved 1179648K
  class space    used 16888K, committed 18304K, reserved 1048576K
}
Event: 653.011 GC heap before
{Heap before GC invocations=96 (full 0):
 garbage-first heap   total 684032K, used 370378K [0x0000000680000000, 0x0000000800000000)
  region size 4096K, 15 young (61440K), 1 survivors (4096K)
 Metaspace       used 119881K, committed 123008K, reserved 1179648K
  class space    used 16891K, committed 18304K, reserved 1048576K
}
Event: 653.495 GC heap after
{Heap after GC invocations=97 (full 0):
 garbage-first heap   total 684032K, used 315104K [0x0000000680000000, 0x0000000800000000)
  region size 4096K, 2 young (8192K), 2 survivors (8192K)
 Metaspace       used 119881K, committed 123008K, reserved 1179648K
  class space    used 16891K, committed 18304K, reserved 1048576K
}
Event: 655.968 GC heap before
{Heap before GC invocations=97 (full 0):
 garbage-first heap   total 684032K, used 339680K [0x0000000680000000, 0x0000000800000000)
  region size 4096K, 8 young (32768K), 2 survivors (8192K)
 Metaspace       used 119908K, committed 123008K, reserved 1179648K
  class space    used 16891K, committed 18304K, reserved 1048576K
}
Event: 656.516 GC heap after
{Heap after GC invocations=98 (full 0):
 garbage-first heap   total 684032K, used 311420K [0x0000000680000000, 0x0000000800000000)
  region size 4096K, 1 young (4096K), 1 survivors (4096K)
 Metaspace       used 119908K, committed 123008K, reserved 1179648K
  class space    used 16891K, committed 18304K, reserved 1048576K
}
Event: 658.174 GC heap before
{Heap before GC invocations=98 (full 0):
 garbage-first heap   total 684032K, used 340092K [0x0000000680000000, 0x0000000800000000)
  region size 4096K, 8 young (32768K), 1 survivors (4096K)
 Metaspace       used 119972K, committed 123072K, reserved 1179648K
  class space    used 16895K, committed 18304K, reserved 1048576K
}
Event: 658.248 GC heap after
{Heap after GC invocations=99 (full 0):
 garbage-first heap   total 684032K, used 312815K [0x0000000680000000, 0x0000000800000000)
  region size 4096K, 1 young (4096K), 1 survivors (4096K)
 Metaspace       used 119972K, committed 123072K, reserved 1179648K
  class space    used 16895K, committed 18304K, reserved 1048576K
}
Event: 719.978 GC heap before
{Heap before GC invocations=99 (full 0):
 garbage-first heap   total 684032K, used 517615K [0x0000000680000000, 0x0000000800000000)
  region size 4096K, 51 young (208896K), 1 survivors (4096K)
 Metaspace       used 128119K, committed 131200K, reserved 1179648K
  class space    used 17992K, committed 19392K, reserved 1048576K
}
Event: 720.371 GC heap after
{Heap after GC invocations=100 (full 0):
 garbage-first heap   total 684032K, used 347003K [0x0000000680000000, 0x0000000800000000)
  region size 4096K, 7 young (28672K), 7 survivors (28672K)
 Metaspace       used 128119K, committed 131200K, reserved 1179648K
  class space    used 17992K, committed 19392K, reserved 1048576K
}
Event: 720.654 GC heap before
{Heap before GC invocations=100 (full 0):
 garbage-first heap   total 684032K, used 351099K [0x0000000680000000, 0x0000000800000000)
  region size 4096K, 8 young (32768K), 7 survivors (28672K)
 Metaspace       used 128133K, committed 131264K, reserved 1179648K
  class space    used 17993K, committed 19456K, reserved 1048576K
}
Event: 721.193 GC heap after
{Heap after GC invocations=101 (full 0):
 garbage-first heap   total 684032K, used 351729K [0x0000000680000000, 0x0000000800000000)
  region size 4096K, 1 young (4096K), 1 survivors (4096K)
 Metaspace       used 128133K, committed 131264K, reserved 1179648K
  class space    used 17993K, committed 19456K, reserved 1048576K
}
Event: 725.872 GC heap before
{Heap before GC invocations=101 (full 0):
 garbage-first heap   total 684032K, used 380401K [0x0000000680000000, 0x0000000800000000)
  region size 4096K, 8 young (32768K), 1 survivors (4096K)
 Metaspace       used 128355K, committed 131456K, reserved 1179648K
  class space    used 18011K, committed 19456K, reserved 1048576K
}

