# JRE version: OpenJDK Runtime Environment Temurin-21.0.11+10 (21.0.11+10) (build 21.0.11+10-LTS)
# Java VM: OpenJDK 64-Bit Server VM Temurin-21.0.11+10 (21.0.11+10-LTS, mixed mode, sharing, tiered, compressed oops, compressed class ptrs, g1 gc, windows-amd64)
GC Precious Log:
 CardTable entry size: 512
 Card Set container configuration: InlinePtr #cards 5 size 8 Array Of Cards #cards 12 size 40 Howl #buckets 4 coarsen threshold 1843 Howl Bitmap #cards 512 size 80 coarsen threshold 460 Card regions per heap region 1 cards per card region 2048
 CPUs: 4 total, 4 available
 Memory: 8072M
 Large Page Support: Disabled
 NUMA Support: Disabled
 Compressed Oops: Enabled (32-bit)
 Heap Region Size: 1M
 Heap Min Capacity: 8M
 Heap Initial Capacity: 128M
 Heap Max Capacity: 1536M
 Pre-touch: Disabled
 Parallel Workers: 4
 Concurrent Workers: 1
 Concurrent Refinement Workers: 4
 Periodic GC: Disabled
Heap:
 garbage-first heap   total 252928K, used 197372K [0x00000000a0000000, 0x0000000100000000)
  region size 1024K, 32 young (32768K), 6 survivors (6144K)
 Metaspace       used 111542K, committed 114176K, reserved 1179648K
  class space    used 15802K, committed 17024K, reserved 1048576K
GC Heap History (20 events):
Event: 528.142 GC heap before
{Heap before GC invocations=54 (full 0):
 garbage-first heap   total 201728K, used 189440K [0x00000000a0000000, 0x0000000100000000)
  region size 1024K, 72 young (73728K), 7 survivors (7168K)
 Metaspace       used 108346K, committed 110784K, reserved 1179648K
  class space    used 15317K, committed 16512K, reserved 1048576K
}
Event: 528.179 GC heap after
{Heap after GC invocations=55 (full 0):
 garbage-first heap   total 202752K, used 128357K [0x00000000a0000000, 0x0000000100000000)
  region size 1024K, 9 young (9216K), 9 survivors (9216K)
 Metaspace       used 108346K, committed 110784K, reserved 1179648K
  class space    used 15317K, committed 16512K, reserved 1048576K
}
Event: 548.740 GC heap before
{Heap before GC invocations=56 (full 0):
 garbage-first heap   total 215040K, used 188773K [0x00000000a0000000, 0x0000000100000000)
  region size 1024K, 68 young (69632K), 9 survivors (9216K)
 Metaspace       used 108663K, committed 111168K, reserved 1179648K
  class space    used 15348K, committed 16576K, reserved 1048576K
}
Event: 548.768 GC heap after
{Heap after GC invocations=57 (full 0):
 garbage-first heap   total 215040K, used 135805K [0x00000000a0000000, 0x0000000100000000)
  region size 1024K, 7 young (7168K), 7 survivors (7168K)
 Metaspace       used 108663K, committed 111168K, reserved 1179648K
  class space    used 15348K, committed 16576K, reserved 1048576K
}
Event: 564.716 GC heap before
{Heap before GC invocations=57 (full 0):
 garbage-first heap   total 215040K, used 198269K [0x00000000a0000000, 0x0000000100000000)
  region size 1024K, 69 young (70656K), 7 survivors (7168K)
 Metaspace       used 108676K, committed 111232K, reserved 1179648K
  class space    used 15348K, committed 16576K, reserved 1048576K
}
Event: 564.745 GC heap after
{Heap after GC invocations=58 (full 0):
 garbage-first heap   total 215040K, used 136568K [0x00000000a0000000, 0x0000000100000000)
  region size 1024K, 5 young (5120K), 5 survivors (5120K)
 Metaspace       used 108676K, committed 111232K, reserved 1179648K
  class space    used 15348K, committed 16576K, reserved 1048576K
}
Event: 572.384 GC heap before
{Heap before GC invocations=58 (full 0):
 garbage-first heap   total 215040K, used 159096K [0x00000000a0000000, 0x0000000100000000)
  region size 1024K, 28 young (28672K), 5 survivors (5120K)
 Metaspace       used 109035K, committed 111552K, reserved 1179648K
  class space    used 15412K, committed 16640K, reserved 1048576K
}
Event: 572.414 GC heap after
{Heap after GC invocations=59 (full 0):
 garbage-first heap   total 215040K, used 136270K [0x00000000a0000000, 0x0000000100000000)
  region size 1024K, 5 young (5120K), 5 survivors (5120K)
 Metaspace       used 109035K, committed 111552K, reserved 1179648K
  class space    used 15412K, committed 16640K, reserved 1048576K
}
Event: 624.750 GC heap before
{Heap before GC invocations=60 (full 0):
 garbage-first heap   total 234496K, used 202830K [0x00000000a0000000, 0x0000000100000000)
  region size 1024K, 67 young (68608K), 5 survivors (5120K)
 Metaspace       used 110093K, committed 112640K, reserved 1179648K
  class space    used 15605K, committed 16832K, reserved 1048576K
}
Event: 625.159 GC heap after
{Heap after GC invocations=61 (full 0):
 garbage-first heap   total 234496K, used 148013K [0x00000000a0000000, 0x0000000100000000)
  region size 1024K, 9 young (9216K), 9 survivors (9216K)
 Metaspace       used 110093K, committed 112640K, reserved 1179648K
  class space    used 15605K, committed 16832K, reserved 1048576K
}
Event: 637.258 GC heap before
{Heap before GC invocations=61 (full 0):
 garbage-first heap   total 234496K, used 211501K [0x00000000a0000000, 0x0000000100000000)
  region size 1024K, 72 young (73728K), 9 survivors (9216K)
 Metaspace       used 110099K, committed 112640K, reserved 1179648K
  class space    used 15605K, committed 16832K, reserved 1048576K
}
Event: 637.448 GC heap after
{Heap after GC invocations=62 (full 0):
 garbage-first heap   total 234496K, used 150827K [0x00000000a0000000, 0x0000000100000000)
  region size 1024K, 5 young (5120K), 5 survivors (5120K)
 Metaspace       used 110099K, committed 112640K, reserved 1179648K
  class space    used 15605K, committed 16832K, reserved 1048576K
}
Event: 652.334 GC heap before
{Heap before GC invocations=62 (full 0):
 garbage-first heap   total 234496K, used 213291K [0x00000000a0000000, 0x0000000100000000)
  region size 1024K, 67 young (68608K), 5 survivors (5120K)
 Metaspace       used 110099K, committed 112640K, reserved 1179648K
  class space    used 15605K, committed 16832K, reserved 1048576K
}
Event: 652.399 GC heap after
{Heap after GC invocations=63 (full 0):
 garbage-first heap   total 234496K, used 151659K [0x00000000a0000000, 0x0000000100000000)
  region size 1024K, 6 young (6144K), 6 survivors (6144K)
 Metaspace       used 110099K, committed 112640K, reserved 1179648K
  class space    used 15605K, committed 16832K, reserved 1048576K
}
Event: 691.271 GC heap before
{Heap before GC invocations=64 (full 0):
 garbage-first heap   total 252928K, used 223339K [0x00000000a0000000, 0x0000000100000000)
  region size 1024K, 69 young (70656K), 6 survivors (6144K)
 Metaspace       used 111380K, committed 113984K, reserved 1179648K
  class space    used 15789K, committed 17024K, reserved 1048576K
}
Event: 691.336 GC heap after
{Heap after GC invocations=65 (full 0):
 garbage-first heap   total 252928K, used 167267K [0x00000000a0000000, 0x0000000100000000)
  region size 1024K, 9 young (9216K), 9 survivors (9216K)
 Metaspace       used 111380K, committed 113984K, reserved 1179648K
  class space    used 15789K, committed 17024K, reserved 1048576K
}
Event: 703.522 GC heap before
{Heap before GC invocations=65 (full 0):
 garbage-first heap   total 252928K, used 227683K [0x00000000a0000000, 0x0000000100000000)
  region size 1024K, 69 young (70656K), 9 survivors (9216K)
 Metaspace       used 111409K, committed 114048K, reserved 1179648K
  class space    used 15789K, committed 17024K, reserved 1048576K
}
Event: 703.603 GC heap after
{Heap after GC invocations=66 (full 0):
 garbage-first heap   total 252928K, used 170551K [0x00000000a0000000, 0x0000000100000000)
  region size 1024K, 5 young (5120K), 5 survivors (5120K)
 Metaspace       used 111409K, committed 114048K, reserved 1179648K
  class space    used 15789K, committed 17024K, reserved 1048576K
}
Event: 717.045 GC heap before
{Heap before GC invocations=66 (full 0):
 garbage-first heap   total 252928K, used 231991K [0x00000000a0000000, 0x0000000100000000)
  region size 1024K, 65 young (66560K), 5 survivors (5120K)
 Metaspace       used 111410K, committed 114048K, reserved 1179648K
  class space    used 15789K, committed 17024K, reserved 1048576K
}
Event: 717.063 GC heap after
{Heap after GC invocations=67 (full 0):
 garbage-first heap   total 252928K, used 171772K [0x00000000a0000000, 0x0000000100000000)
  region size 1024K, 6 young (6144K), 6 survivors (6144K)
 Metaspace       used 111410K, committed 114048K, reserved 1179648K
  class space    used 15789K, committed 17024K, reserved 1048576K
}

