# JRE version: OpenJDK Runtime Environment Temurin-21.0.11+10 (21.0.11+10) (build 21.0.11+10-LTS)
# Java VM: OpenJDK 64-Bit Server VM Temurin-21.0.11+10 (21.0.11+10-LTS, mixed mode, sharing, tiered, compressed oops, compressed class ptrs, g1 gc, windows-amd64)
GC Precious Log:
 CardTable entry size: 512
 Card Set container configuration: InlinePtr #cards 5 size 8 Array Of Cards #cards 12 size 40 Howl #buckets 4 coarsen threshold 1843 Howl Bitmap #cards 512 size 80 coarsen threshold 460 Card regions per heap region 1 cards per card region 2048
 CPUs: 4 total, 4 available
 Memory: 8072M
 Large Page Support: Disabled
 NUMA Support: Disabled
 Compressed Oops: Enabled (32-bit)
 Heap Region Size: 1M
 Heap Min Capacity: 8M
 Heap Initial Capacity: 128M
 Heap Max Capacity: 1536M
 Pre-touch: Disabled
 Parallel Workers: 4
 Concurrent Workers: 1
 Concurrent Refinement Workers: 4
 Periodic GC: Disabled
Heap:
 garbage-first heap   total 157696K, used 140959K [0x00000000a0000000, 0x0000000100000000)
  region size 1024K, 38 young (38912K), 6 survivors (6144K)
 Metaspace       used 86670K, committed 88832K, reserved 344064K
  class space    used 12317K, committed 13376K, reserved 212992K
GC Heap History (20 events):
Event: 123.349 GC heap before
{Heap before GC invocations=31 (full 0):
 garbage-first heap   total 122880K, used 102989K [0x00000000a0000000, 0x0000000100000000)
  region size 1024K, 34 young (34816K), 5 survivors (5120K)
 Metaspace       used 76090K, committed 78144K, reserved 344064K
  class space    used 10942K, committed 11968K, reserved 212992K
}
Event: 123.363 GC heap after
{Heap after GC invocations=32 (full 0):
 garbage-first heap   total 122880K, used 76164K [0x00000000a0000000, 0x0000000100000000)
  region size 1024K, 3 young (3072K), 3 survivors (3072K)
 Metaspace       used 76090K, committed 78144K, reserved 344064K
  class space    used 10942K, committed 11968K, reserved 212992K
}
Event: 131.857 GC heap before
{Heap before GC invocations=32 (full 0):
 garbage-first heap   total 122880K, used 112004K [0x00000000a0000000, 0x0000000100000000)
  region size 1024K, 39 young (39936K), 3 survivors (3072K)
 Metaspace       used 79107K, committed 81216K, reserved 344064K
  class space    used 11481K, committed 12544K, reserved 212992K
}
Event: 131.872 GC heap after
{Heap after GC invocations=33 (full 0):
 garbage-first heap   total 122880K, used 78848K [0x00000000a0000000, 0x0000000100000000)
  region size 1024K, 5 young (5120K), 5 survivors (5120K)
 Metaspace       used 79107K, committed 81216K, reserved 344064K
  class space    used 11481K, committed 12544K, reserved 212992K
}
Event: 137.404 GC heap before
{Heap before GC invocations=33 (full 0):
 garbage-first heap   total 122880K, used 112640K [0x00000000a0000000, 0x0000000100000000)
  region size 1024K, 38 young (38912K), 5 survivors (5120K)
 Metaspace       used 80316K, committed 82432K, reserved 344064K
  class space    used 11621K, committed 12672K, reserved 212992K
}
Event: 137.423 GC heap after
{Heap after GC invocations=34 (full 0):
 garbage-first heap   total 123904K, used 84871K [0x00000000a0000000, 0x0000000100000000)
  region size 1024K, 5 young (5120K), 5 survivors (5120K)
 Metaspace       used 80316K, committed 82432K, reserved 344064K
  class space    used 11621K, committed 12672K, reserved 212992K
}
Event: 148.051 GC heap before
{Heap before GC invocations=35 (full 0):
 garbage-first heap   total 142336K, used 112519K [0x00000000a0000000, 0x0000000100000000)
  region size 1024K, 32 young (32768K), 5 survivors (5120K)
 Metaspace       used 80521K, committed 82624K, reserved 344064K
  class space    used 11628K, committed 12672K, reserved 212992K
}
Event: 148.064 GC heap after
{Heap after GC invocations=36 (full 0):
 garbage-first heap   total 142336K, used 87449K [0x00000000a0000000, 0x0000000100000000)
  region size 1024K, 4 young (4096K), 4 survivors (4096K)
 Metaspace       used 80521K, committed 82624K, reserved 344064K
  class space    used 11628K, committed 12672K, reserved 212992K
}
Event: 159.107 GC heap before
{Heap before GC invocations=36 (full 0):
 garbage-first heap   total 142336K, used 127385K [0x00000000a0000000, 0x0000000100000000)
  region size 1024K, 43 young (44032K), 4 survivors (4096K)
 Metaspace       used 80595K, committed 82752K, reserved 344064K
  class space    used 11630K, committed 12672K, reserved 212992K
}
Event: 159.117 GC heap after
{Heap after GC invocations=37 (full 0):
 garbage-first heap   total 142336K, used 86452K [0x00000000a0000000, 0x0000000100000000)
  region size 1024K, 4 young (4096K), 4 survivors (4096K)
 Metaspace       used 80595K, committed 82752K, reserved 344064K
  class space    used 11630K, committed 12672K, reserved 212992K
}
Event: 174.837 GC heap before
{Heap before GC invocations=37 (full 0):
 garbage-first heap   total 142336K, used 128436K [0x00000000a0000000, 0x0000000100000000)
  region size 1024K, 45 young (46080K), 4 survivors (4096K)
 Metaspace       used 80604K, committed 82752K, reserved 344064K
  class space    used 11630K, committed 12672K, reserved 212992K
}
Event: 174.845 GC heap after
{Heap after GC invocations=38 (full 0):
 garbage-first heap   total 142336K, used 87807K [0x00000000a0000000, 0x0000000100000000)
  region size 1024K, 4 young (4096K), 4 survivors (4096K)
 Metaspace       used 80604K, committed 82752K, reserved 344064K
  class space    used 11630K, committed 12672K, reserved 212992K
}
Event: 180.174 GC heap before
{Heap before GC invocations=39 (full 0):
 garbage-first heap   total 147456K, used 128767K [0x00000000a0000000, 0x0000000100000000)
  region size 1024K, 44 young (45056K), 4 survivors (4096K)
 Metaspace       used 80606K, committed 82752K, reserved 344064K
  class space    used 11630K, committed 12672K, reserved 212992K
}
Event: 180.183 GC heap after
{Heap after GC invocations=40 (full 0):
 garbage-first heap   total 147456K, used 88666K [0x00000000a0000000, 0x0000000100000000)
  region size 1024K, 4 young (4096K), 4 survivors (4096K)
 Metaspace       used 80606K, committed 82752K, reserved 344064K
  class space    used 11630K, committed 12672K, reserved 212992K
}
Event: 192.073 GC heap before
{Heap before GC invocations=40 (full 0):
 garbage-first heap   total 147456K, used 133722K [0x00000000a0000000, 0x0000000100000000)
  region size 1024K, 48 young (49152K), 4 survivors (4096K)
 Metaspace       used 81376K, committed 83520K, reserved 344064K
  class space    used 11723K, committed 12800K, reserved 212992K
}
Event: 192.095 GC heap after
{Heap after GC invocations=41 (full 0):
 garbage-first heap   total 147456K, used 89401K [0x00000000a0000000, 0x0000000100000000)
  region size 1024K, 5 young (5120K), 5 survivors (5120K)
 Metaspace       used 81376K, committed 83520K, reserved 344064K
  class space    used 11723K, committed 12800K, reserved 212992K
}
Event: 193.134 GC heap before
{Heap before GC invocations=41 (full 0):
 garbage-first heap   total 147456K, used 89401K [0x00000000a0000000, 0x0000000100000000)
  region size 1024K, 6 young (6144K), 5 survivors (5120K)
 Metaspace       used 81446K, committed 83584K, reserved 344064K
  class space    used 11729K, committed 12800K, reserved 212992K
}
Event: 193.149 GC heap after
{Heap after GC invocations=42 (full 0):
 garbage-first heap   total 147456K, used 89878K [0x00000000a0000000, 0x0000000100000000)
  region size 1024K, 1 young (1024K), 1 survivors (1024K)
 Metaspace       used 81446K, committed 83584K, reserved 344064K
  class space    used 11729K, committed 12800K, reserved 212992K
}
Event: 222.350 GC heap before
{Heap before GC invocations=43 (full 0):
 garbage-first heap   total 155648K, used 146198K [0x00000000a0000000, 0x0000000100000000)
  region size 1024K, 46 young (47104K), 1 survivors (1024K)
 Metaspace       used 83799K, committed 85952K, reserved 344064K
  class space    used 12006K, committed 13056K, reserved 212992K
}
Event: 222.376 GC heap after
{Heap after GC invocations=44 (full 0):
 garbage-first heap   total 157696K, used 109215K [0x00000000a0000000, 0x0000000100000000)
  region size 1024K, 6 young (6144K), 6 survivors (6144K)
 Metaspace       used 83799K, committed 85952K, reserved 344064K
  class space    used 12006K, committed 13056K, reserved 212992K
}

