# JRE version: OpenJDK Runtime Environment Temurin-21.0.11+10 (21.0.11+10) (build 21.0.11+10-LTS)
# Java VM: OpenJDK 64-Bit Server VM Temurin-21.0.11+10 (21.0.11+10-LTS, mixed mode, sharing, tiered, compressed oops, compressed class ptrs, g1 gc, windows-amd64)
GC Precious Log:
 CardTable entry size: 512
 Card Set container configuration: InlinePtr #cards 5 size 8 Array Of Cards #cards 12 size 40 Howl #buckets 4 coarsen threshold 1843 Howl Bitmap #cards 512 size 80 coarsen threshold 460 Card regions per heap region 1 cards per card region 2048
 CPUs: 4 total, 4 available
 Memory: 8072M
 Large Page Support: Disabled
 NUMA Support: Disabled
 Compressed Oops: Enabled (32-bit)
 Heap Region Size: 1M
 Heap Min Capacity: 8M
 Heap Initial Capacity: 128M
 Heap Max Capacity: 2G
 Pre-touch: Disabled
 Parallel Workers: 4
 Concurrent Workers: 1
 Concurrent Refinement Workers: 4
 Periodic GC: Disabled
Heap:
 garbage-first heap   total 104448K, used 93130K [0x0000000080000000, 0x0000000100000000)
  region size 1024K, 32 young (32768K), 3 survivors (3072K)
 Metaspace       used 66365K, committed 68288K, reserved 491520K
  class space    used 9676K, committed 10624K, reserved 425984K
GC Heap History (20 events):
Event: 46.209 GC heap before
{Heap before GC invocations=12 (full 0):
 garbage-first heap   total 86016K, used 75063K [0x0000000080000000, 0x0000000100000000)
  region size 1024K, 41 young (41984K), 5 survivors (5120K)
 Metaspace       used 43845K, committed 45376K, reserved 491520K
  class space    used 6298K, committed 7040K, reserved 425984K
}
Event: 46.223 GC heap after
{Heap after GC invocations=13 (full 0):
 garbage-first heap   total 86016K, used 41070K [0x0000000080000000, 0x0000000100000000)
  region size 1024K, 5 young (5120K), 5 survivors (5120K)
 Metaspace       used 43845K, committed 45376K, reserved 491520K
  class space    used 6298K, committed 7040K, reserved 425984K
}
Event: 50.308 GC heap before
{Heap before GC invocations=13 (full 0):
 garbage-first heap   total 86016K, used 75886K [0x0000000080000000, 0x0000000100000000)
  region size 1024K, 39 young (39936K), 5 survivors (5120K)
 Metaspace       used 47573K, committed 49280K, reserved 491520K
  class space    used 6938K, committed 7744K, reserved 425984K
}
Event: 50.319 GC heap after
{Heap after GC invocations=14 (full 0):
 garbage-first heap   total 86016K, used 42788K [0x0000000080000000, 0x0000000100000000)
  region size 1024K, 5 young (5120K), 5 survivors (5120K)
 Metaspace       used 47573K, committed 49280K, reserved 491520K
  class space    used 6938K, committed 7744K, reserved 425984K
}
Event: 55.029 GC heap before
{Heap before GC invocations=14 (full 0):
 garbage-first heap   total 86016K, used 76580K [0x0000000080000000, 0x0000000100000000)
  region size 1024K, 38 young (38912K), 5 survivors (5120K)
 Metaspace       used 50718K, committed 52416K, reserved 491520K
  class space    used 7409K, committed 8256K, reserved 425984K
}
Event: 55.044 GC heap after
{Heap after GC invocations=15 (full 0):
 garbage-first heap   total 86016K, used 46272K [0x0000000080000000, 0x0000000100000000)
  region size 1024K, 5 young (5120K), 5 survivors (5120K)
 Metaspace       used 50718K, committed 52416K, reserved 491520K
  class space    used 7409K, committed 8256K, reserved 425984K
}
Event: 58.748 GC heap before
{Heap before GC invocations=16 (full 0):
 garbage-first heap   total 86016K, used 75968K [0x0000000080000000, 0x0000000100000000)
  region size 1024K, 35 young (35840K), 5 survivors (5120K)
 Metaspace       used 51446K, committed 53184K, reserved 491520K
  class space    used 7498K, committed 8384K, reserved 425984K
}
Event: 58.767 GC heap after
{Heap after GC invocations=17 (full 0):
 garbage-first heap   total 86016K, used 49626K [0x0000000080000000, 0x0000000100000000)
  region size 1024K, 4 young (4096K), 4 survivors (4096K)
 Metaspace       used 51446K, committed 53184K, reserved 491520K
  class space    used 7498K, committed 8384K, reserved 425984K
}
Event: 60.420 GC heap before
{Heap before GC invocations=17 (full 0):
 garbage-first heap   total 86016K, used 76250K [0x0000000080000000, 0x0000000100000000)
  region size 1024K, 30 young (30720K), 4 survivors (4096K)
 Metaspace       used 54138K, committed 56000K, reserved 491520K
  class space    used 7975K, committed 8896K, reserved 425984K
}
Event: 60.435 GC heap after
{Heap after GC invocations=18 (full 0):
 garbage-first heap   total 86016K, used 50564K [0x0000000080000000, 0x0000000100000000)
  region size 1024K, 2 young (2048K), 2 survivors (2048K)
 Metaspace       used 54138K, committed 56000K, reserved 491520K
  class space    used 7975K, committed 8896K, reserved 425984K
}
Event: 62.799 GC heap before
{Heap before GC invocations=18 (full 0):
 garbage-first heap   total 86016K, used 57732K [0x0000000080000000, 0x0000000100000000)
  region size 1024K, 10 young (10240K), 2 survivors (2048K)
 Metaspace       used 54790K, committed 56704K, reserved 491520K
  class space    used 8085K, committed 9024K, reserved 425984K
}
Event: 62.804 GC heap after
{Heap after GC invocations=19 (full 0):
 garbage-first heap   total 86016K, used 50889K [0x0000000080000000, 0x0000000100000000)
  region size 1024K, 2 young (2048K), 2 survivors (2048K)
 Metaspace       used 54790K, committed 56704K, reserved 491520K
  class space    used 8085K, committed 9024K, reserved 425984K
}
Event: 67.401 GC heap before
{Heap before GC invocations=20 (full 0):
 garbage-first heap   total 92160K, used 84681K [0x0000000080000000, 0x0000000100000000)
  region size 1024K, 29 young (29696K), 2 survivors (2048K)
 Metaspace       used 57725K, committed 59584K, reserved 491520K
  class space    used 8481K, committed 9408K, reserved 425984K
}
Event: 67.407 GC heap after
{Heap after GC invocations=21 (full 0):
 garbage-first heap   total 92160K, used 59779K [0x0000000080000000, 0x0000000100000000)
  region size 1024K, 4 young (4096K), 4 survivors (4096K)
 Metaspace       used 57725K, committed 59584K, reserved 491520K
  class space    used 8481K, committed 9408K, reserved 425984K
}
Event: 69.780 GC heap before
{Heap before GC invocations=21 (full 0):
 garbage-first heap   total 92160K, used 83331K [0x0000000080000000, 0x0000000100000000)
  region size 1024K, 28 young (28672K), 4 survivors (4096K)
 Metaspace       used 61002K, committed 62912K, reserved 491520K
  class space    used 8891K, committed 9856K, reserved 425984K
}
Event: 69.797 GC heap after
{Heap after GC invocations=22 (full 0):
 garbage-first heap   total 92160K, used 60009K [0x0000000080000000, 0x0000000100000000)
  region size 1024K, 3 young (3072K), 3 survivors (3072K)
 Metaspace       used 61002K, committed 62912K, reserved 491520K
  class space    used 8891K, committed 9856K, reserved 425984K
}
Event: 72.471 GC heap before
{Heap before GC invocations=22 (full 0):
 garbage-first heap   total 92160K, used 85609K [0x0000000080000000, 0x0000000100000000)
  region size 1024K, 28 young (28672K), 3 survivors (3072K)
 Metaspace       used 63007K, committed 64960K, reserved 491520K
  class space    used 9197K, committed 10176K, reserved 425984K
}
Event: 72.478 GC heap after
{Heap after GC invocations=23 (full 0):
 garbage-first heap   total 92160K, used 61027K [0x0000000080000000, 0x0000000100000000)
  region size 1024K, 3 young (3072K), 3 survivors (3072K)
 Metaspace       used 63007K, committed 64960K, reserved 491520K
  class space    used 9197K, committed 10176K, reserved 425984K
}
Event: 74.506 GC heap before
{Heap before GC invocations=24 (full 0):
 garbage-first heap   total 104448K, used 86627K [0x0000000080000000, 0x0000000100000000)
  region size 1024K, 26 young (26624K), 3 survivors (3072K)
 Metaspace       used 64519K, committed 66496K, reserved 491520K
  class space    used 9405K, committed 10368K, reserved 425984K
}
Event: 74.512 GC heap after
{Heap after GC invocations=25 (full 0):
 garbage-first heap   total 104448K, used 65482K [0x0000000080000000, 0x0000000100000000)
  region size 1024K, 3 young (3072K), 3 survivors (3072K)
 Metaspace       used 64519K, committed 66496K, reserved 491520K
  class space    used 9405K, committed 10368K, reserved 425984K
}

